Build started 1/3/2022 3:35:18 PM.
     1>Project "C:\Users\E.Ferrea\Documents\GitHub\BCI-Master\TrackM\build\TrackM.vcxproj" on node 2 (Build target(s)).
     1>CustomBuild:
         Building Custom Rule C:/Users/E.Ferrea/Documents/GitHub/BCI-Master/TrackM/CMakeLists.txt
       ClCompile:
         C:\Program Files (x86)\Microsoft Visual Studio 12.0\VC\bin\x86_amd64\CL.exe /c /I"D:\LAB\Libraries\SFML-2.5.1-windows-vc12-64-bit\SFML-2.5.1\include" /ID:\LAB\Libraries\vrpn_07_33\vrpn /Zi /nologo /W3 /WX- /Od /Ob0 /D _MBCS /D WIN32 /D _WINDOWS /D "CMAKE_INTDIR=\"Debug\"" /Gm- /EHsc /RTC1 /MD /GS /fp:precise /Zc:wchar_t /Zc:forScope /GR /Fo"TrackM.dir\Debug\\" /Fd"TrackM.dir\Debug\vc120.pdb" /Gd /TP /errorReport:prompt "C:\Users\E.Ferrea\Documents\GitHub\BCI-Master\TrackM\main.cpp" "C:\Users\E.Ferrea\Documents\GitHub\BCI-Master\TrackM\vrpn_server_class.cpp"
         main.cpp
     1>C:\Users\E.Ferrea\Documents\GitHub\BCI-Master\TrackM\main.cpp(110): warning C4244: 'argument' : conversion from 'int' to 'float', possible loss of data
     1>C:\Users\E.Ferrea\Documents\GitHub\BCI-Master\TrackM\main.cpp(112): warning C4244: 'argument' : conversion from 'int' to 'float', possible loss of data
     1>C:\Users\E.Ferrea\Documents\GitHub\BCI-Master\TrackM\main.cpp(113): warning C4244: 'argument' : conversion from 'int' to 'float', possible loss of data
     1>C:\Users\E.Ferrea\Documents\GitHub\BCI-Master\TrackM\main.cpp(115): warning C4244: 'argument' : conversion from 'int' to 'float', possible loss of data
     1>C:\Users\E.Ferrea\Documents\GitHub\BCI-Master\TrackM\main.cpp(118): warning C4244: 'argument' : conversion from 'int' to 'float', possible loss of data
     1>C:\Users\E.Ferrea\Documents\GitHub\BCI-Master\TrackM\main.cpp(121): warning C4244: 'argument' : conversion from 'int' to 'float', possible loss of data
     1>C:\Users\E.Ferrea\Documents\GitHub\BCI-Master\TrackM\main.cpp(170): warning C4244: 'argument' : conversion from 'double' to 'int', possible loss of data
     1>C:\Users\E.Ferrea\Documents\GitHub\BCI-Master\TrackM\main.cpp(171): warning C4244: 'argument' : conversion from 'int' to 'float', possible loss of data
     1>C:\Users\E.Ferrea\Documents\GitHub\BCI-Master\TrackM\main.cpp(183): warning C4244: 'argument' : conversion from 'int' to 'float', possible loss of data
     1>C:\Users\E.Ferrea\Documents\GitHub\BCI-Master\TrackM\main.cpp(184): warning C4244: 'argument' : conversion from 'int' to 'float', possible loss of data
     1>C:\Users\E.Ferrea\Documents\GitHub\BCI-Master\TrackM\main.cpp(190): warning C4554: '&' : check operator precedence for possible error; use parentheses to clarify precedence
     1>C:\Users\E.Ferrea\Documents\GitHub\BCI-Master\TrackM\main.cpp(195): warning C4244: 'argument' : conversion from 'int' to 'float', possible loss of data
     1>C:\Users\E.Ferrea\Documents\GitHub\BCI-Master\TrackM\main.cpp(218): warning C4554: '&' : check operator precedence for possible error; use parentheses to clarify precedence
     1>C:\Users\E.Ferrea\Documents\GitHub\BCI-Master\TrackM\main.cpp(231): warning C4554: '&' : check operator precedence for possible error; use parentheses to clarify precedence
     1>C:\Users\E.Ferrea\Documents\GitHub\BCI-Master\TrackM\main.cpp(245): warning C4554: '&' : check operator precedence for possible error; use parentheses to clarify precedence
     1>C:\Users\E.Ferrea\Documents\GitHub\BCI-Master\TrackM\main.cpp(257): warning C4554: '&' : check operator precedence for possible error; use parentheses to clarify precedence
         vrpn_server_class.cpp
         Generating Code...
       Link:
         C:\Program Files (x86)\Microsoft Visual Studio 12.0\VC\bin\x86_amd64\link.exe /ERRORREPORT:PROMPT /OUT:"C:\Users\E.Ferrea\Documents\GitHub\BCI-Master\TrackM\build\Debug\TrackM.exe" /INCREMENTAL /NOLOGO "D:\LAB\Libraries\SFML-2.5.1-windows-vc12-64-bit\SFML-2.5.1\lib\sfml-graphics-d.lib" "D:\LAB\Libraries\SFML-2.5.1-windows-vc12-64-bit\SFML-2.5.1\lib\sfml-window-d.lib" "D:\LAB\Libraries\SFML-2.5.1-windows-vc12-64-bit\SFML-2.5.1\lib\sfml-system-d.lib" D:\LAB\Libraries\vrpn_07_33\vrpn\pc_win32\Debug\vrpn.lib D:\LAB\Libraries\vrpn_07_33\vrpn\quat\pc_win32\Debug\quat.lib kernel32.lib user32.lib gdi32.lib winspool.lib shell32.lib ole32.lib oleaut32.lib uuid.lib comdlg32.lib advapi32.lib /MANIFEST /MANIFESTUAC:"level='asInvoker' uiAccess='false'" /manifest:embed /DEBUG /PDB:"C:/Users/E.Ferrea/Documents/GitHub/BCI-Master/TrackM/build/Debug/TrackM.pdb" /SUBSYSTEM:CONSOLE /TLBID:1 /DYNAMICBASE /NXCOMPAT /IMPLIB:"C:/Users/E.Ferrea/Documents/GitHub/BCI-Master/TrackM/build/Debug/TrackM.lib" /MACHINE:X64  /machine:x64 TrackM.dir\Debug\main.obj
         TrackM.dir\Debug\vrpn_server_class.obj
         TrackM.vcxproj -> C:\Users\E.Ferrea\Documents\GitHub\BCI-Master\TrackM\build\Debug\TrackM.exe
     1>Done Building Project "C:\Users\E.Ferrea\Documents\GitHub\BCI-Master\TrackM\build\TrackM.vcxproj" (Build target(s)).

Build succeeded.

Time Elapsed 00:00:02.10
